<?xml version="1.0" encoding="UTF-8"?>
<!-- Generated by org.testng.reporters.JUnitReportReporter -->
<testsuite skipped="0" hostname="DESKTOP-GK61F68" name="com.gurock.test.TestRailManager" tests="1" failures="0" timestamp="2021-05-16T17:16:57 IST" time="11.752" errors="0">
  <testcase name="verifyTitle" time="11.752" classname="com.gurock.test.TestRailManager"/>
  <system-out/>
</testsuite> <!-- com.gurock.test.TestRailManager -->
