<?xml version="1.0" encoding="UTF-8"?>
<!-- Generated by org.testng.reporters.JUnitReportReporter -->
<testsuite skipped="0" hostname="DESKTOP-GK61F68" name="com.vtiger.test.UsercanlogintoappusingvalidcredentialsTest" tests="1" failures="0" timestamp="2021-05-16T17:26:51 IST" time="14.445" errors="0">
  <testcase name="userCanloginToApp" time="14.445" classname="com.vtiger.test.UsercanlogintoappusingvalidcredentialsTest"/>
  <system-out/>
</testsuite> <!-- com.vtiger.test.UsercanlogintoappusingvalidcredentialsTest -->
